[master d024a56] auto sync
 5 files changed, 25 insertions(+), 2 deletions(-)
 create mode 100644 cron.log
 delete mode 100644 encrypted/7 - Kopie.txt.enc
 delete mode 100644 encrypted/7.txt.enc
 delete mode 100644 encrypted/test6.txt.enc
 create mode 100755 sync.sh
fatal: could not read Username for 'https://github.com': No such device or address
[master b8bc2cc] auto sync
 1 file changed, 8 insertions(+)
fatal: could not read Username for 'https://github.com': No such device or address
[master 21698d8] auto sync
 1 file changed, 3 insertions(+)
fatal: could not read Username for 'https://github.com': No such device or address
[master 92ac766] auto sync
 1 file changed, 3 insertions(+)
fatal: could not read Username for 'https://github.com': No such device or address
[master 749511f] auto sync
 1 file changed, 3 insertions(+)
fatal: could not read Username for 'https://github.com': No such device or address
[master 46c2102] auto sync
 1 file changed, 3 insertions(+)
fatal: could not read Username for 'https://github.com': No such device or address
[master 0458f6c] auto sync
 2 files changed, 4 insertions(+), 1 deletion(-)
fatal: could not read Username for 'https://github.com': No such device or address
[master 594bc67] auto sync
 2 files changed, 5 insertions(+)
fatal: could not read Username for 'https://github.com': No such device or address
[master 36973b9] auto sync
 1 file changed, 3 insertions(+)
fatal: could not read Username for 'https://github.com': No such device or address
[master fc70a87] auto sync
 1 file changed, 3 insertions(+)
fatal: could not read Username for 'https://github.com': No such device or address
[master c760562] auto sync
 1 file changed, 3 insertions(+)
fatal: could not read Username for 'https://github.com': No such device or address
[master 3b597fa] auto sync
 1 file changed, 3 insertions(+)
fatal: could not read Username for 'https://github.com': No such device or address
[master 01900a8] auto sync
 1 file changed, 3 insertions(+)
fatal: could not read Username for 'https://github.com': No such device or address
